c:\users\muhammad ibrahim\source\repos\hotel management system\hotel management system\debug\vc142.pdb
c:\users\muhammad ibrahim\source\repos\hotel management system\hotel management system\debug\vc142.idb
c:\users\muhammad ibrahim\source\repos\hotel management system\hotel management system\debug\superior.obj
c:\users\muhammad ibrahim\source\repos\hotel management system\hotel management system\debug\suite.obj
c:\users\muhammad ibrahim\source\repos\hotel management system\hotel management system\debug\rooms.obj
c:\users\muhammad ibrahim\source\repos\hotel management system\hotel management system\debug\moderate.obj
c:\users\muhammad ibrahim\source\repos\hotel management system\hotel management system\debug\jrsuite.obj
c:\users\muhammad ibrahim\source\repos\hotel management system\hotel management system\debug\hotel.obj
c:\users\muhammad ibrahim\source\repos\hotel management system\hotel management system\debug\drive.obj
c:\users\muhammad ibrahim\source\repos\hotel management system\hotel management system\debug\customer.obj
c:\users\muhammad ibrahim\source\repos\hotel management system\hotel management system\debug\standard.obj
c:\users\muhammad ibrahim\source\repos\hotel management system\debug\hotel management system.pdb
c:\users\muhammad ibrahim\source\repos\hotel management system\debug\hotel management system.exe
c:\users\muhammad ibrahim\source\repos\hotel management system\debug\hotel management system.ilk
c:\users\muhammad ibrahim\source\repos\hotel management system\hotel management system\debug\hotel ma.dc1eb51d.tlog\cl.command.1.tlog
c:\users\muhammad ibrahim\source\repos\hotel management system\hotel management system\debug\hotel ma.dc1eb51d.tlog\cl.read.1.tlog
c:\users\muhammad ibrahim\source\repos\hotel management system\hotel management system\debug\hotel ma.dc1eb51d.tlog\cl.write.1.tlog
c:\users\muhammad ibrahim\source\repos\hotel management system\hotel management system\debug\hotel ma.dc1eb51d.tlog\link.command.1.tlog
c:\users\muhammad ibrahim\source\repos\hotel management system\hotel management system\debug\hotel ma.dc1eb51d.tlog\link.read.1.tlog
c:\users\muhammad ibrahim\source\repos\hotel management system\hotel management system\debug\hotel ma.dc1eb51d.tlog\link.write.1.tlog
